<?xml version="1.0" encoding="UTF-8"?>
<!-- Generated by org.testng.reporters.JUnitXMLReporter -->
<testsuite ignored="0" hostname="dk" failures="0" tests="3" name="Default test" time="50.024" errors="0" timestamp="2024-08-03T23:58:31 IST">
  <testcase classname="com.fitpeo.assignment.TC_RevenueCaliculatorTest_001" name="RevenueTest" time="9.177"/>
  <testcase classname="com.fitpeo.assignment.TC_RevenueCaliculatorTest_001" name="SliderTest" time="34.524"/>
  <testcase classname="com.fitpeo.assignment.TC_RevenueCaliculatorTest_001" name="checkboxTest" time="0.88"/>
</testsuite> <!-- Default test -->
