<?xml version="1.0" encoding="UTF-8"?>
<testng-results ignored="0" total="3" passed="3" failed="0" skipped="0">
  <reporter-output>
  </reporter-output>
  <suite started-at="2024-08-03T23:57:41 IST" name="Default suite" finished-at="2024-08-03T23:58:31 IST" duration-ms="50024">
    <groups>
    </groups>
    <test started-at="2024-08-03T23:57:41 IST" name="Default test" finished-at="2024-08-03T23:58:31 IST" duration-ms="50024">
      <class name="com.fitpeo.assignment.TC_RevenueCaliculatorTest_001">
        <test-method is-config="true" signature="setup()[pri:0, instance:com.fitpeo.assignment.TC_RevenueCaliculatorTest_001@11392934]" started-at="2024-08-03T23:57:41 IST" name="setup" finished-at="2024-08-03T23:57:45 IST" duration-ms="4476" status="PASS">
          <reporter-output>
          </reporter-output>
        </test-method> <!-- setup -->
        <test-method signature="RevenueTest()[pri:1, instance:com.fitpeo.assignment.TC_RevenueCaliculatorTest_001@11392934]" started-at="2024-08-03T23:57:45 IST" name="RevenueTest" finished-at="2024-08-03T23:57:55 IST" duration-ms="9177" status="PASS">
          <reporter-output>
          </reporter-output>
        </test-method> <!-- RevenueTest -->
        <test-method signature="SliderTest()[pri:2, instance:com.fitpeo.assignment.TC_RevenueCaliculatorTest_001@11392934]" started-at="2024-08-03T23:57:55 IST" name="SliderTest" finished-at="2024-08-03T23:58:29 IST" duration-ms="34524" status="PASS">
          <reporter-output>
          </reporter-output>
        </test-method> <!-- SliderTest -->
        <test-method signature="checkboxTest()[pri:3, instance:com.fitpeo.assignment.TC_RevenueCaliculatorTest_001@11392934]" started-at="2024-08-03T23:58:29 IST" name="checkboxTest" finished-at="2024-08-03T23:58:30 IST" duration-ms="880" status="PASS">
          <reporter-output>
          </reporter-output>
        </test-method> <!-- checkboxTest -->
        <test-method is-config="true" signature="tearDown()[pri:0, instance:com.fitpeo.assignment.TC_RevenueCaliculatorTest_001@11392934]" started-at="2024-08-03T23:58:30 IST" name="tearDown" finished-at="2024-08-03T23:58:31 IST" duration-ms="868" status="PASS">
          <reporter-output>
          </reporter-output>
        </test-method> <!-- tearDown -->
      </class> <!-- com.fitpeo.assignment.TC_RevenueCaliculatorTest_001 -->
    </test> <!-- Default test -->
  </suite> <!-- Default suite -->
</testng-results>
